[2019-09-16 23:59:23] local.ERROR: Maximum execution time of 30 seconds exceeded {"exception":"[object] (Symfony\\Component\\Debug\\Exception\\FatalErrorException(code: 1): Maximum execution time of 30 seconds exceeded at D:\\DaoTao\\WorkingReport\\trunk\\20.SourceCode\\vendor\\laravel\\framework\\src\\Illuminate\\Database\\Connectors\\Connector.php:70)
[stacktrace]
#0 D:\\DaoTao\\WorkingReport\\trunk\\20.SourceCode\\vendor\\laravel\\framework\\src\\Illuminate\\Foundation\\Bootstrap\\HandleExceptions.php(137): Symfony\\Component\\Debug\\Exception\\FatalErrorException->__construct()
#1 D:\\DaoTao\\WorkingReport\\trunk\\20.SourceCode\\vendor\\laravel\\framework\\src\\Illuminate\\Foundation\\Bootstrap\\HandleExceptions.php(123): Illuminate\\Foundation\\Bootstrap\\HandleExceptions->fatalExceptionFromError()
#2 D:\\DaoTao\\WorkingReport\\trunk\\20.SourceCode\\vendor\\laravel\\framework\\src\\Illuminate\\Foundation\\Bootstrap\\HandleExceptions.php(0): Illuminate\\Foundation\\Bootstrap\\HandleExceptions->handleShutdown()
#3 D:\\DaoTao\\WorkingReport\\trunk\\20.SourceCode\\vendor\\laravel\\framework\\src\\Illuminate\\Database\\Connectors\\Connector.php(46): Illuminate\\Database\\Connectors\\MySqlConnector->createPdoConnection()
#4 D:\\DaoTao\\WorkingReport\\trunk\\20.SourceCode\\vendor\\laravel\\framework\\src\\Illuminate\\Database\\Connectors\\MySqlConnector.php(24): Illuminate\\Database\\Connectors\\MySqlConnector->createConnection()
#5 D:\\DaoTao\\WorkingReport\\trunk\\20.SourceCode\\vendor\\laravel\\framework\\src\\Illuminate\\Database\\Connectors\\ConnectionFactory.php(182): Illuminate\\Database\\Connectors\\MySqlConnector->connect()
#6 D:\\DaoTao\\WorkingReport\\trunk\\20.SourceCode\\vendor\\laravel\\framework\\src\\Illuminate\\Database\\Connection.php(917): Illuminate\\Database\\Connectors\\ConnectionFactory->Illuminate\\Database\\Connectors\\{closure:D:\\DaoTao\\WorkingReport\\trunk\\20.SourceCode\\vendor\\laravel\\framework\\src\\Illuminate\\Database\\Connectors\\ConnectionFactory.php:177-189}()
#7 D:\\DaoTao\\WorkingReport\\trunk\\20.SourceCode\\vendor\\laravel\\framework\\src\\Illuminate\\Database\\Connection.php(917): call_user_func:{D:\\DaoTao\\WorkingReport\\trunk\\20.SourceCode\\vendor\\laravel\\framework\\src\\Illuminate\\Database\\Connection.php:917}()
#8 D:\\DaoTao\\WorkingReport\\trunk\\20.SourceCode\\vendor\\laravel\\framework\\src\\Illuminate\\Database\\Connection.php(942): Illuminate\\Database\\MySqlConnection->getPdo()
#9 D:\\DaoTao\\WorkingReport\\trunk\\20.SourceCode\\vendor\\laravel\\framework\\src\\Illuminate\\Database\\Connection.php(399): Illuminate\\Database\\MySqlConnection->getReadPdo()
#10 D:\\DaoTao\\WorkingReport\\trunk\\20.SourceCode\\vendor\\laravel\\framework\\src\\Illuminate\\Database\\Connection.php(325): Illuminate\\Database\\MySqlConnection->getPdoForSelect()
#11 D:\\DaoTao\\WorkingReport\\trunk\\20.SourceCode\\vendor\\laravel\\framework\\src\\Illuminate\\Database\\Connection.php(656): Illuminate\\Database\\MySqlConnection->Illuminate\\Database\\{closure:D:\\DaoTao\\WorkingReport\\trunk\\20.SourceCode\\vendor\\laravel\\framework\\src\\Illuminate\\Database\\Connection.php:317-333}()
#12 D:\\DaoTao\\WorkingReport\\trunk\\20.SourceCode\\vendor\\laravel\\framework\\src\\Illuminate\\Database\\Connection.php(623): Illuminate\\Database\\MySqlConnection->runQueryCallback()
#13 D:\\DaoTao\\WorkingReport\\trunk\\20.SourceCode\\vendor\\laravel\\framework\\src\\Illuminate\\Database\\Connection.php(333): Illuminate\\Database\\MySqlConnection->run()
#14 D:\\DaoTao\\WorkingReport\\trunk\\20.SourceCode\\vendor\\laravel\\framework\\src\\Illuminate\\Database\\Query\\Builder.php(2079): Illuminate\\Database\\MySqlConnection->select()
#15 D:\\DaoTao\\WorkingReport\\trunk\\20.SourceCode\\vendor\\laravel\\framework\\src\\Illuminate\\Database\\Query\\Builder.php(2067): Illuminate\\Database\\Query\\Builder->runSelect()
#16 D:\\DaoTao\\WorkingReport\\trunk\\20.SourceCode\\vendor\\laravel\\framework\\src\\Illuminate\\Database\\Query\\Builder.php(2509): Illuminate\\Database\\Query\\Builder->Illuminate\\Database\\Query\\{closure:D:\\DaoTao\\WorkingReport\\trunk\\20.SourceCode\\vendor\\laravel\\framework\\src\\Illuminate\\Database\\Query\\Builder.php:2066-2068}()
#17 D:\\DaoTao\\WorkingReport\\trunk\\20.SourceCode\\vendor\\laravel\\framework\\src\\Illuminate\\Database\\Query\\Builder.php(2068): Illuminate\\Database\\Query\\Builder->onceWithColumns()
#18 D:\\DaoTao\\WorkingReport\\trunk\\20.SourceCode\\vendor\\laravel\\framework\\src\\Illuminate\\Database\\Eloquent\\Builder.php(521): Illuminate\\Database\\Query\\Builder->get()
#19 D:\\DaoTao\\WorkingReport\\trunk\\20.SourceCode\\vendor\\laravel\\framework\\src\\Illuminate\\Database\\Eloquent\\Builder.php(505): Illuminate\\Database\\Eloquent\\Builder->getModels()
#20 D:\\DaoTao\\WorkingReport\\trunk\\20.SourceCode\\vendor\\laravel\\framework\\src\\Illuminate\\Database\\Concerns\\BuildsQueries.php(143): Illuminate\\Database\\Eloquent\\Builder->get()
#21 D:\\DaoTao\\WorkingReport\\trunk\\20.SourceCode\\vendor\\laravel\\framework\\src\\Illuminate\\Auth\\EloquentUserProvider.php(68): Illuminate\\Database\\Eloquent\\Builder->first()
#22 D:\\DaoTao\\WorkingReport\\trunk\\20.SourceCode\\vendor\\laravel\\framework\\src\\Illuminate\\Auth\\SessionGuard.php(169): Illuminate\\Auth\\EloquentUserProvider->retrieveByToken()
#23 D:\\DaoTao\\WorkingReport\\trunk\\20.SourceCode\\vendor\\laravel\\framework\\src\\Illuminate\\Auth\\SessionGuard.php(139): Illuminate\\Auth\\SessionGuard->userFromRecaller()
#24 D:\\DaoTao\\WorkingReport\\trunk\\20.SourceCode\\vendor\\laravel\\framework\\src\\Illuminate\\Auth\\GuardHelpers.php(60): Illuminate\\Auth\\SessionGuard->user()
#25 D:\\DaoTao\\WorkingReport\\trunk\\20.SourceCode\\vendor\\laravel\\framework\\src\\Illuminate\\Auth\\Middleware\\Authenticate.php(62): Illuminate\\Auth\\SessionGuard->check()
#26 D:\\DaoTao\\WorkingReport\\trunk\\20.SourceCode\\vendor\\laravel\\framework\\src\\Illuminate\\Auth\\Middleware\\Authenticate.php(41): App\\Http\\Middleware\\Authenticate->authenticate()
#27 D:\\DaoTao\\WorkingReport\\trunk\\20.SourceCode\\vendor\\laravel\\framework\\src\\Illuminate\\Pipeline\\Pipeline.php(163): App\\Http\\Middleware\\Authenticate->handle()
#28 D:\\DaoTao\\WorkingReport\\trunk\\20.SourceCode\\vendor\\laravel\\framework\\src\\Illuminate\\Routing\\Pipeline.php(53): Illuminate\\Routing\\Pipeline->Illuminate\\Pipeline\\{closure:D:\\DaoTao\\WorkingReport\\trunk\\20.SourceCode\\vendor\\laravel\\framework\\src\\Illuminate\\Pipeline\\Pipeline.php:140-169}()
#29 D:\\DaoTao\\WorkingReport\\trunk\\20.SourceCode\\vendor\\laravel\\framework\\src\\Illuminate\\Foundation\\Http\\Middleware\\VerifyCsrfToken.php(75): Illuminate\\Routing\\Pipeline->Illuminate\\Routing\\{closure:D:\\DaoTao\\WorkingReport\\trunk\\20.SourceCode\\vendor\\laravel\\framework\\src\\Illuminate\\Routing\\Pipeline.php:47-59}()
#30 D:\\DaoTao\\WorkingReport\\trunk\\20.SourceCode\\vendor\\laravel\\framework\\src\\Illuminate\\Pipeline\\Pipeline.php(163): App\\Http\\Middleware\\VerifyCsrfToken->handle()
#31 D:\\DaoTao\\WorkingReport\\trunk\\20.SourceCode\\vendor\\laravel\\framework\\src\\Illuminate\\Routing\\Pipeline.php(53): Illuminate\\Routing\\Pipeline->Illuminate\\Pipeline\\{closure:D:\\DaoTao\\WorkingReport\\trunk\\20.SourceCode\\vendor\\laravel\\framework\\src\\Illuminate\\Pipeline\\Pipeline.php:140-169}()
#32 D:\\DaoTao\\WorkingReport\\trunk\\20.SourceCode\\vendor\\laravel\\framework\\src\\Illuminate\\View\\Middleware\\ShareErrorsFromSession.php(49): Illuminate\\Routing\\Pipeline->Illuminate\\Routing\\{closure:D:\\DaoTao\\WorkingReport\\trunk\\20.SourceCode\\vendor\\laravel\\framework\\src\\Illuminate\\Routing\\Pipeline.php:47-59}()
#33 D:\\DaoTao\\WorkingReport\\trunk\\20.SourceCode\\vendor\\laravel\\framework\\src\\Illuminate\\Pipeline\\Pipeline.php(163): Illuminate\\View\\Middleware\\ShareErrorsFromSession->handle()
#34 D:\\DaoTao\\WorkingReport\\trunk\\20.SourceCode\\vendor\\laravel\\framework\\src\\Illuminate\\Routing\\Pipeline.php(53): Illuminate\\Routing\\Pipeline->Illuminate\\Pipeline\\{closure:D:\\DaoTao\\WorkingReport\\trunk\\20.SourceCode\\vendor\\laravel\\framework\\src\\Illuminate\\Pipeline\\Pipeline.php:140-169}()
#35 D:\\DaoTao\\WorkingReport\\trunk\\20.SourceCode\\vendor\\laravel\\framework\\src\\Illuminate\\Session\\Middleware\\StartSession.php(56): Illuminate\\Routing\\Pipeline->Illuminate\\Routing\\{closure:D:\\DaoTao\\WorkingReport\\trunk\\20.SourceCode\\vendor\\laravel\\framework\\src\\Illuminate\\Routing\\Pipeline.php:47-59}()
#36 D:\\DaoTao\\WorkingReport\\trunk\\20.SourceCode\\vendor\\laravel\\framework\\src\\Illuminate\\Pipeline\\Pipeline.php(163): Illuminate\\Session\\Middleware\\StartSession->handle()
#37 D:\\DaoTao\\WorkingReport\\trunk\\20.SourceCode\\vendor\\laravel\\framework\\src\\Illuminate\\Routing\\Pipeline.php(53): Illuminate\\Routing\\Pipeline->Illuminate\\Pipeline\\{closure:D:\\DaoTao\\WorkingReport\\trunk\\20.SourceCode\\vendor\\laravel\\framework\\src\\Illuminate\\Pipeline\\Pipeline.php:140-169}()
#38 D:\\DaoTao\\WorkingReport\\trunk\\20.SourceCode\\vendor\\laravel\\framework\\src\\Illuminate\\Cookie\\Middleware\\AddQueuedCookiesToResponse.php(37): Illuminate\\Routing\\Pipeline->Illuminate\\Routing\\{closure:D:\\DaoTao\\WorkingReport\\trunk\\20.SourceCode\\vendor\\laravel\\framework\\src\\Illuminate\\Routing\\Pipeline.php:47-59}()
#39 D:\\DaoTao\\WorkingReport\\trunk\\20.SourceCode\\vendor\\laravel\\framework\\src\\Illuminate\\Pipeline\\Pipeline.php(163): Illuminate\\Cookie\\Middleware\\AddQueuedCookiesToResponse->handle()
#40 D:\\DaoTao\\WorkingReport\\trunk\\20.SourceCode\\vendor\\laravel\\framework\\src\\Illuminate\\Routing\\Pipeline.php(53): Illuminate\\Routing\\Pipeline->Illuminate\\Pipeline\\{closure:D:\\DaoTao\\WorkingReport\\trunk\\20.SourceCode\\vendor\\laravel\\framework\\src\\Illuminate\\Pipeline\\Pipeline.php:140-169}()
#41 D:\\DaoTao\\WorkingReport\\trunk\\20.SourceCode\\vendor\\laravel\\framework\\src\\Illuminate\\Cookie\\Middleware\\EncryptCookies.php(66): Illuminate\\Routing\\Pipeline->Illuminate\\Routing\\{closure:D:\\DaoTao\\WorkingReport\\trunk\\20.SourceCode\\vendor\\laravel\\framework\\src\\Illuminate\\Routing\\Pipeline.php:47-59}()
#42 D:\\DaoTao\\WorkingReport\\trunk\\20.SourceCode\\vendor\\laravel\\framework\\src\\Illuminate\\Pipeline\\Pipeline.php(163): App\\Http\\Middleware\\EncryptCookies->handle()
#43 D:\\DaoTao\\WorkingReport\\trunk\\20.SourceCode\\vendor\\laravel\\framework\\src\\Illuminate\\Routing\\Pipeline.php(53): Illuminate\\Routing\\Pipeline->Illuminate\\Pipeline\\{closure:D:\\DaoTao\\WorkingReport\\trunk\\20.SourceCode\\vendor\\laravel\\framework\\src\\Illuminate\\Pipeline\\Pipeline.php:140-169}()
#44 D:\\DaoTao\\WorkingReport\\trunk\\20.SourceCode\\vendor\\laravel\\framework\\src\\Illuminate\\Pipeline\\Pipeline.php(104): Illuminate\\Routing\\Pipeline->Illuminate\\Routing\\{closure:D:\\DaoTao\\WorkingReport\\trunk\\20.SourceCode\\vendor\\laravel\\framework\\src\\Illuminate\\Routing\\Pipeline.php:47-59}()
#45 D:\\DaoTao\\WorkingReport\\trunk\\20.SourceCode\\vendor\\laravel\\framework\\src\\Illuminate\\Routing\\Router.php(682): Illuminate\\Routing\\Pipeline->then()
#46 D:\\DaoTao\\WorkingReport\\trunk\\20.SourceCode\\vendor\\laravel\\framework\\src\\Illuminate\\Routing\\Router.php(657): Illuminate\\Routing\\Router->runRouteWithinStack()
#47 D:\\DaoTao\\WorkingReport\\trunk\\20.SourceCode\\vendor\\laravel\\framework\\src\\Illuminate\\Routing\\Router.php(623): Illuminate\\Routing\\Router->runRoute()
#48 D:\\DaoTao\\WorkingReport\\trunk\\20.SourceCode\\vendor\\laravel\\framework\\src\\Illuminate\\Routing\\Router.php(612): Illuminate\\Routing\\Router->dispatchToRoute()
#49 D:\\DaoTao\\WorkingReport\\trunk\\20.SourceCode\\vendor\\laravel\\framework\\src\\Illuminate\\Foundation\\Http\\Kernel.php(176): Illuminate\\Routing\\Router->dispatch()
#50 D:\\DaoTao\\WorkingReport\\trunk\\20.SourceCode\\vendor\\laravel\\framework\\src\\Illuminate\\Routing\\Pipeline.php(30): App\\Http\\Kernel->Illuminate\\Foundation\\Http\\{closure:D:\\DaoTao\\WorkingReport\\trunk\\20.SourceCode\\vendor\\laravel\\framework\\src\\Illuminate\\Foundation\\Http\\Kernel.php:173-177}()
#51 D:\\DaoTao\\WorkingReport\\trunk\\20.SourceCode\\Modules\\Permissions\\Http\\Middleware\\RolePermission.php(21): Illuminate\\Routing\\Pipeline->Illuminate\\Routing\\{closure:D:\\DaoTao\\WorkingReport\\trunk\\20.SourceCode\\vendor\\laravel\\framework\\src\\Illuminate\\Routing\\Pipeline.php:28-36}()
#52 D:\\DaoTao\\WorkingReport\\trunk\\20.SourceCode\\vendor\\laravel\\framework\\src\\Illuminate\\Pipeline\\Pipeline.php(163): Modules\\Permissions\\Http\\Middleware\\RolePermission->handle()
#53 D:\\DaoTao\\WorkingReport\\trunk\\20.SourceCode\\vendor\\laravel\\framework\\src\\Illuminate\\Routing\\Pipeline.php(53): Illuminate\\Routing\\Pipeline->Illuminate\\Pipeline\\{closure:D:\\DaoTao\\WorkingReport\\trunk\\20.SourceCode\\vendor\\laravel\\framework\\src\\Illuminate\\Pipeline\\Pipeline.php:140-169}()
#54 D:\\DaoTao\\WorkingReport\\trunk\\20.SourceCode\\vendor\\fideloper\\proxy\\src\\TrustProxies.php(57): Illuminate\\Routing\\Pipeline->Illuminate\\Routing\\{closure:D:\\DaoTao\\WorkingReport\\trunk\\20.SourceCode\\vendor\\laravel\\framework\\src\\Illuminate\\Routing\\Pipeline.php:47-59}()
#55 D:\\DaoTao\\WorkingReport\\trunk\\20.SourceCode\\vendor\\laravel\\framework\\src\\Illuminate\\Pipeline\\Pipeline.php(163): App\\Http\\Middleware\\TrustProxies->handle()
#56 D:\\DaoTao\\WorkingReport\\trunk\\20.SourceCode\\vendor\\laravel\\framework\\src\\Illuminate\\Routing\\Pipeline.php(53): Illuminate\\Routing\\Pipeline->Illuminate\\Pipeline\\{closure:D:\\DaoTao\\WorkingReport\\trunk\\20.SourceCode\\vendor\\laravel\\framework\\src\\Illuminate\\Pipeline\\Pipeline.php:140-169}()
#57 D:\\DaoTao\\WorkingReport\\trunk\\20.SourceCode\\vendor\\laravel\\framework\\src\\Illuminate\\Foundation\\Http\\Middleware\\TransformsRequest.php(21): Illuminate\\Routing\\Pipeline->Illuminate\\Routing\\{closure:D:\\DaoTao\\WorkingReport\\trunk\\20.SourceCode\\vendor\\laravel\\framework\\src\\Illuminate\\Routing\\Pipeline.php:47-59}()
#58 D:\\DaoTao\\WorkingReport\\trunk\\20.SourceCode\\vendor\\laravel\\framework\\src\\Illuminate\\Pipeline\\Pipeline.php(163): Illuminate\\Foundation\\Http\\Middleware\\ConvertEmptyStringsToNull->handle()
#59 D:\\DaoTao\\WorkingReport\\trunk\\20.SourceCode\\vendor\\laravel\\framework\\src\\Illuminate\\Routing\\Pipeline.php(53): Illuminate\\Routing\\Pipeline->Illuminate\\Pipeline\\{closure:D:\\DaoTao\\WorkingReport\\trunk\\20.SourceCode\\vendor\\laravel\\framework\\src\\Illuminate\\Pipeline\\Pipeline.php:140-169}()
#60 D:\\DaoTao\\WorkingReport\\trunk\\20.SourceCode\\vendor\\laravel\\framework\\src\\Illuminate\\Foundation\\Http\\Middleware\\TransformsRequest.php(21): Illuminate\\Routing\\Pipeline->Illuminate\\Routing\\{closure:D:\\DaoTao\\WorkingReport\\trunk\\20.SourceCode\\vendor\\laravel\\framework\\src\\Illuminate\\Routing\\Pipeline.php:47-59}()
#61 D:\\DaoTao\\WorkingReport\\trunk\\20.SourceCode\\vendor\\laravel\\framework\\src\\Illuminate\\Pipeline\\Pipeline.php(163): App\\Http\\Middleware\\TrimStrings->handle()
#62 D:\\DaoTao\\WorkingReport\\trunk\\20.SourceCode\\vendor\\laravel\\framework\\src\\Illuminate\\Routing\\Pipeline.php(53): Illuminate\\Routing\\Pipeline->Illuminate\\Pipeline\\{closure:D:\\DaoTao\\WorkingReport\\trunk\\20.SourceCode\\vendor\\laravel\\framework\\src\\Illuminate\\Pipeline\\Pipeline.php:140-169}()
#63 D:\\DaoTao\\WorkingReport\\trunk\\20.SourceCode\\vendor\\laravel\\framework\\src\\Illuminate\\Foundation\\Http\\Middleware\\ValidatePostSize.php(27): Illuminate\\Routing\\Pipeline->Illuminate\\Routing\\{closure:D:\\DaoTao\\WorkingReport\\trunk\\20.SourceCode\\vendor\\laravel\\framework\\src\\Illuminate\\Routing\\Pipeline.php:47-59}()
#64 D:\\DaoTao\\WorkingReport\\trunk\\20.SourceCode\\vendor\\laravel\\framework\\src\\Illuminate\\Pipeline\\Pipeline.php(163): Illuminate\\Foundation\\Http\\Middleware\\ValidatePostSize->handle()
#65 D:\\DaoTao\\WorkingReport\\trunk\\20.SourceCode\\vendor\\laravel\\framework\\src\\Illuminate\\Routing\\Pipeline.php(53): Illuminate\\Routing\\Pipeline->Illuminate\\Pipeline\\{closure:D:\\DaoTao\\WorkingReport\\trunk\\20.SourceCode\\vendor\\laravel\\framework\\src\\Illuminate\\Pipeline\\Pipeline.php:140-169}()
#66 D:\\DaoTao\\WorkingReport\\trunk\\20.SourceCode\\vendor\\laravel\\framework\\src\\Illuminate\\Foundation\\Http\\Middleware\\CheckForMaintenanceMode.php(62): Illuminate\\Routing\\Pipeline->Illuminate\\Routing\\{closure:D:\\DaoTao\\WorkingReport\\trunk\\20.SourceCode\\vendor\\laravel\\framework\\src\\Illuminate\\Routing\\Pipeline.php:47-59}()
#67 D:\\DaoTao\\WorkingReport\\trunk\\20.SourceCode\\vendor\\laravel\\framework\\src\\Illuminate\\Pipeline\\Pipeline.php(163): App\\Http\\Middleware\\CheckForMaintenanceMode->handle()
#68 D:\\DaoTao\\WorkingReport\\trunk\\20.SourceCode\\vendor\\laravel\\framework\\src\\Illuminate\\Routing\\Pipeline.php(53): Illuminate\\Routing\\Pipeline->Illuminate\\Pipeline\\{closure:D:\\DaoTao\\WorkingReport\\trunk\\20.SourceCode\\vendor\\laravel\\framework\\src\\Illuminate\\Pipeline\\Pipeline.php:140-169}()
#69 D:\\DaoTao\\WorkingReport\\trunk\\20.SourceCode\\vendor\\laravel\\framework\\src\\Illuminate\\Pipeline\\Pipeline.php(104): Illuminate\\Routing\\Pipeline->Illuminate\\Routing\\{closure:D:\\DaoTao\\WorkingReport\\trunk\\20.SourceCode\\vendor\\laravel\\framework\\src\\Illuminate\\Routing\\Pipeline.php:47-59}()
#70 D:\\DaoTao\\WorkingReport\\trunk\\20.SourceCode\\vendor\\laravel\\framework\\src\\Illuminate\\Foundation\\Http\\Kernel.php(151): Illuminate\\Routing\\Pipeline->then()
#71 D:\\DaoTao\\WorkingReport\\trunk\\20.SourceCode\\vendor\\laravel\\framework\\src\\Illuminate\\Foundation\\Http\\Kernel.php(116): App\\Http\\Kernel->sendRequestThroughRouter()
#72 D:\\DaoTao\\WorkingReport\\trunk\\20.SourceCode\\public\\index.php(57): App\\Http\\Kernel->handle()
#73 D:\\DaoTao\\WorkingReport\\trunk\\20.SourceCode\\public\\index.php(0): {main}()
#74 {main}
"} 
